--- 正在处理文件: PastEvent 20194881.xml ---
汇总文档已成功创建: output_data/PastEvent 20194881.desc

--- 正在处理文件: PastEvent 11407038.xml ---
汇总文档已成功创建: output_data/PastEvent 11407038.desc

--- 正在处理文件: PastEvent 20133541.xml ---
汇总文档已成功创建: output_data/PastEvent 20133541.desc

--- 正在处理文件: PastEvent 11402908.xml ---
汇总文档已成功创建: output_data/PastEvent 11402908.desc

--- 正在处理文件: PastEvent 11400859.xml ---
汇总文档已成功创建: output_data/PastEvent 11400859.desc

--- 正在处理文件: PastEvent 20146641.xml ---
汇总文档已成功创建: output_data/PastEvent 20146641.desc

--- 正在处理文件: PastEvent 11407831.xml ---
汇总文档已成功创建: output_data/PastEvent 11407831.desc

--- 正在处理文件: PastEvent 20141041.xml ---
汇总文档已成功创建: output_data/PastEvent 20141041.desc

--- 正在处理文件: PastEvent 11407898.xml ---
汇总文档已成功创建: output_data/PastEvent 11407898.desc

--- 正在处理文件: PastEvent 11400802.xml ---
汇总文档已成功创建: output_data/PastEvent 11400802.desc

--- 正在处理文件: PastEvent 11406248.xml ---
汇总文档已成功创建: output_data/PastEvent 11406248.desc

--- 正在处理文件: PastEvent 20184991.xml ---
汇总文档已成功创建: output_data/PastEvent 20184991.desc

--- 正在处理文件: PastEvent 20156691.xml ---
汇总文档已成功创建: output_data/PastEvent 20156691.desc

--- 正在处理文件: PastEvent 20045211.xml ---
汇总文档已成功创建: output_data/PastEvent 20045211.desc

--- 正在处理文件: PastEvent 20193391.xml ---
汇总文档已成功创建: output_data/PastEvent 20193391.desc

--- 正在处理文件: PastEvent 10550943.xml ---
汇总文档已成功创建: output_data/PastEvent 10550943.desc

--- 正在处理文件: PastEvent 11401789.xml ---
汇总文档已成功创建: output_data/PastEvent 11401789.desc

--- 正在处理文件: PastEvent 20127291.xml ---
汇总文档已成功创建: output_data/PastEvent 20127291.desc

--- 正在处理文件: PastEvent 20066961.xml ---
汇总文档已成功创建: output_data/PastEvent 20066961.desc

--- 正在处理文件: PastEvent 10553432.xml ---
汇总文档已成功创建: output_data/PastEvent 10553432.desc

--- 正在处理文件: PastEvent 20077301.xml ---
汇总文档已成功创建: output_data/PastEvent 20077301.desc

--- 正在处理文件: PastEvent 11404696.xml ---
汇总文档已成功创建: output_data/PastEvent 11404696.desc

--- 正在处理文件: PastEvent 11405538.xml ---
汇总文档已成功创建: output_data/PastEvent 11405538.desc

--- 正在处理文件: PastEvent 11402496.xml ---
汇总文档已成功创建: output_data/PastEvent 11402496.desc

--- 正在处理文件: PastEvent 11407272.xml ---
汇总文档已成功创建: output_data/PastEvent 11407272.desc

--- 正在处理文件: PastEvent 11405924.xml ---
汇总文档已成功创建: output_data/PastEvent 11405924.desc

--- 正在处理文件: PastEvent 20134571.xml ---
汇总文档已成功创建: output_data/PastEvent 20134571.desc

--- 正在处理文件: PastEvent 20186881.xml ---
汇总文档已成功创建: output_data/PastEvent 20186881.desc

--- 正在处理文件: PastEvent 20083991.xml ---
汇总文档已成功创建: output_data/PastEvent 20083991.desc

--- 正在处理文件: PastEvent 20086391.xml ---
汇总文档已成功创建: output_data/PastEvent 20086391.desc

--- 正在处理文件: PastEvent 11407025.xml ---
汇总文档已成功创建: output_data/PastEvent 11407025.desc

--- 正在处理文件: PastEvent 20101741.xml ---
汇总文档已成功创建: output_data/PastEvent 20101741.desc

--- 正在处理文件: PastEvent 11401342.xml ---
汇总文档已成功创建: output_data/PastEvent 11401342.desc

--- 正在处理文件: PastEvent 20014901.xml ---
汇总文档已成功创建: output_data/PastEvent 20014901.desc

--- 正在处理文件: PastEvent 11408972.xml ---
汇总文档已成功创建: output_data/PastEvent 11408972.desc

--- 正在处理文件: PastEvent 20165361.xml ---
汇总文档已成功创建: output_data/PastEvent 20165361.desc

--- 正在处理文件: PastEvent 20128451.xml ---
汇总文档已成功创建: output_data/PastEvent 20128451.desc

--- 正在处理文件: PastEvent 20162911.xml ---
汇总文档已成功创建: output_data/PastEvent 20162911.desc

--- 正在处理文件: PastEvent 10553442.xml ---
汇总文档已成功创建: output_data/PastEvent 10553442.desc

--- 正在处理文件: PastEvent 20165401.xml ---
汇总文档已成功创建: output_data/PastEvent 20165401.desc

--- 正在处理文件: PastEvent 11405759.xml ---
汇总文档已成功创建: output_data/PastEvent 11405759.desc

--- 正在处理文件: PastEvent 11401778.xml ---
汇总文档已成功创建: output_data/PastEvent 11401778.desc

--- 正在处理文件: PastEvent 20136701.xml ---
汇总文档已成功创建: output_data/PastEvent 20136701.desc

--- 正在处理文件: PastEvent 11407453.xml ---
汇总文档已成功创建: output_data/PastEvent 11407453.desc

--- 正在处理文件: PastEvent 10553891.xml ---
汇总文档已成功创建: output_data/PastEvent 10553891.desc

--- 正在处理文件: PastEvent 11407199.xml ---
汇总文档已成功创建: output_data/PastEvent 11407199.desc

--- 正在处理文件: PastEvent 10552722.xml ---
汇总文档已成功创建: output_data/PastEvent 10552722.desc

--- 正在处理文件: PastEvent 10550930.xml ---
汇总文档已成功创建: output_data/PastEvent 10550930.desc

--- 正在处理文件: PastEvent 11403140.xml ---
汇总文档已成功创建: output_data/PastEvent 11403140.desc

--- 正在处理文件: PastEvent 11402672.xml ---
汇总文档已成功创建: output_data/PastEvent 11402672.desc

--- 正在处理文件: PastEvent 20117791.xml ---
汇总文档已成功创建: output_data/PastEvent 20117791.desc

--- 正在处理文件: PastEvent 10553661.xml ---
汇总文档已成功创建: output_data/PastEvent 10553661.desc

--- 正在处理文件: PastEvent 20145571.xml ---
汇总文档已成功创建: output_data/PastEvent 20145571.desc

--- 正在处理文件: PastEvent 20172691.xml ---
汇总文档已成功创建: output_data/PastEvent 20172691.desc

--- 正在处理文件: PastEvent 20167581.xml ---
汇总文档已成功创建: output_data/PastEvent 20167581.desc

--- 正在处理文件: PastEvent 10553899.xml ---
汇总文档已成功创建: output_data/PastEvent 10553899.desc

--- 正在处理文件: PastEvent 20107301.xml ---
汇总文档已成功创建: output_data/PastEvent 20107301.desc

--- 正在处理文件: PastEvent 11406725.xml ---
汇总文档已成功创建: output_data/PastEvent 11406725.desc

--- 正在处理文件: PastEvent 20012751.xml ---
汇总文档已成功创建: output_data/PastEvent 20012751.desc

--- 正在处理文件: PastEvent 11404915.xml ---
汇总文档已成功创建: output_data/PastEvent 11404915.desc

--- 正在处理文件: PastEvent 10552431.xml ---
汇总文档已成功创建: output_data/PastEvent 10552431.desc

--- 正在处理文件: PastEvent 11405709.xml ---
汇总文档已成功创建: output_data/PastEvent 11405709.desc

--- 正在处理文件: PastEvent 11402148.xml ---
汇总文档已成功创建: output_data/PastEvent 11402148.desc

--- 正在处理文件: PastEvent 11401087.xml ---
汇总文档已成功创建: output_data/PastEvent 11401087.desc

--- 正在处理文件: PastEvent 20174711.xml ---
汇总文档已成功创建: output_data/PastEvent 20174711.desc

--- 正在处理文件: PastEvent 20159771.xml ---
汇总文档已成功创建: output_data/PastEvent 20159771.desc

--- 正在处理文件: PastEvent 20058671.xml ---
汇总文档已成功创建: output_data/PastEvent 20058671.desc

--- 正在处理文件: PastEvent 20142861.xml ---
汇总文档已成功创建: output_data/PastEvent 20142861.desc

--- 正在处理文件: PastEvent 20194751.xml ---
汇总文档已成功创建: output_data/PastEvent 20194751.desc

--- 正在处理文件: PastEvent 11408305.xml ---
汇总文档已成功创建: output_data/PastEvent 11408305.desc

--- 正在处理文件: PastEvent 20156981.xml ---
汇总文档已成功创建: output_data/PastEvent 20156981.desc

--- 正在处理文件: PastEvent 10553828.xml ---
汇总文档已成功创建: output_data/PastEvent 10553828.desc

--- 正在处理文件: PastEvent 11402290.xml ---
汇总文档已成功创建: output_data/PastEvent 11402290.desc

--- 正在处理文件: PastEvent 11409522.xml ---
汇总文档已成功创建: output_data/PastEvent 11409522.desc

--- 正在处理文件: PastEvent 20027371.xml ---
汇总文档已成功创建: output_data/PastEvent 20027371.desc

--- 正在处理文件: PastEvent 20040261.xml ---
汇总文档已成功创建: output_data/PastEvent 20040261.desc

--- 正在处理文件: PastEvent 20185691.xml ---
汇总文档已成功创建: output_data/PastEvent 20185691.desc

--- 正在处理文件: PastEvent 20012511.xml ---
汇总文档已成功创建: output_data/PastEvent 20012511.desc

--- 正在处理文件: PastEvent 20162111.xml ---
汇总文档已成功创建: output_data/PastEvent 20162111.desc

--- 正在处理文件: PastEvent 11404912.xml ---
汇总文档已成功创建: output_data/PastEvent 11404912.desc

--- 正在处理文件: PastEvent 20028551.xml ---
汇总文档已成功创建: output_data/PastEvent 20028551.desc

--- 正在处理文件: PastEvent 11401361.xml ---
汇总文档已成功创建: output_data/PastEvent 11401361.desc

--- 正在处理文件: PastEvent 20128671.xml ---
汇总文档已成功创建: output_data/PastEvent 20128671.desc

--- 正在处理文件: PastEvent 11405745.xml ---
汇总文档已成功创建: output_data/PastEvent 11405745.desc

--- 正在处理文件: PastEvent 20077171.xml ---
汇总文档已成功创建: output_data/PastEvent 20077171.desc

--- 正在处理文件: PastEvent 11407266.xml ---
汇总文档已成功创建: output_data/PastEvent 11407266.desc

--- 正在处理文件: PastEvent 20192421.xml ---
汇总文档已成功创建: output_data/PastEvent 20192421.desc

--- 正在处理文件: PastEvent 11407548.xml ---
汇总文档已成功创建: output_data/PastEvent 11407548.desc

--- 正在处理文件: PastEvent 20107031.xml ---
汇总文档已成功创建: output_data/PastEvent 20107031.desc

--- 正在处理文件: PastEvent 11404494.xml ---
汇总文档已成功创建: output_data/PastEvent 11404494.desc

--- 正在处理文件: PastEvent 20117471.xml ---
汇总文档已成功创建: output_data/PastEvent 20117471.desc

--- 正在处理文件: PastEvent 11404846.xml ---
汇总文档已成功创建: output_data/PastEvent 11404846.desc

--- 正在处理文件: PastEvent 20070701.xml ---
汇总文档已成功创建: output_data/PastEvent 20070701.desc

--- 正在处理文件: PastEvent 11408062.xml ---
汇总文档已成功创建: output_data/PastEvent 11408062.desc

--- 正在处理文件: PastEvent 20137891.xml ---
汇总文档已成功创建: output_data/PastEvent 20137891.desc

--- 正在处理文件: PastEvent 20189111.xml ---
汇总文档已成功创建: output_data/PastEvent 20189111.desc

--- 正在处理文件: PastEvent 20044371.xml ---
汇总文档已成功创建: output_data/PastEvent 20044371.desc

--- 正在处理文件: PastEvent 11404660.xml ---
汇总文档已成功创建: output_data/PastEvent 11404660.desc

--- 正在处理文件: PastEvent 11400086.xml ---
汇总文档已成功创建: output_data/PastEvent 11400086.desc

--- 正在处理文件: PastEvent 20052311.xml ---
汇总文档已成功创建: output_data/PastEvent 20052311.desc

成功生成 filelist.txt !
已将过滤后的内容写入 output_data/PastEvent 11400802.flt

已将过滤后的内容写入 output_data/PastEvent 20128671.flt

已将过滤后的内容写入 output_data/PastEvent 20141041.flt

已将过滤后的内容写入 output_data/PastEvent 20066961.flt

已将过滤后的内容写入 output_data/PastEvent 11407038.flt

已将过滤后的内容写入 output_data/PastEvent 11408305.flt

已将过滤后的内容写入 output_data/PastEvent 20184991.flt

已将过滤后的内容写入 output_data/PastEvent 11401361.flt

已将过滤后的内容写入 output_data/PastEvent 11402672.flt

已将过滤后的内容写入 output_data/PastEvent 20117471.flt

已将过滤后的内容写入 output_data/PastEvent 11407898.flt

已将过滤后的内容写入 output_data/PastEvent 20134571.flt

已将过滤后的内容写入 output_data/PastEvent 10553891.flt

已将过滤后的内容写入 output_data/PastEvent 11407272.flt

已将过滤后的内容写入 output_data/PastEvent 11408062.flt

已将过滤后的内容写入 output_data/PastEvent 20145571.flt

已将过滤后的内容写入 output_data/PastEvent 20014901.flt

已将过滤后的内容写入 output_data/PastEvent 10553432.flt

已将过滤后的内容写入 output_data/PastEvent 20045211.flt

已将过滤后的内容写入 output_data/PastEvent 20162111.flt

已将过滤后的内容写入 output_data/PastEvent 11400086.flt

已将过滤后的内容写入 output_data/PastEvent 11404660.flt

已将过滤后的内容写入 output_data/PastEvent 20012751.flt

已将过滤后的内容写入 output_data/PastEvent 10553828.flt

已将过滤后的内容写入 output_data/PastEvent 11404494.flt

已将过滤后的内容写入 output_data/PastEvent 20077171.flt

已将过滤后的内容写入 output_data/PastEvent 20189111.flt

已将过滤后的内容写入 output_data/PastEvent 11406725.flt

已将过滤后的内容写入 output_data/PastEvent 20044371.flt

已将过滤后的内容写入 output_data/PastEvent 11405759.flt

已将过滤后的内容写入 output_data/PastEvent 20174711.flt

已将过滤后的内容写入 output_data/PastEvent 20101741.flt

已将过滤后的内容写入 output_data/PastEvent 20137891.flt

已将过滤后的内容写入 output_data/PastEvent 20146641.flt

已将过滤后的内容写入 output_data/PastEvent 10550930.flt

已将过滤后的内容写入 output_data/PastEvent 11404915.flt

已将过滤后的内容写入 output_data/PastEvent 20083991.flt

已将过滤后的内容写入 output_data/PastEvent 20127291.flt

已将过滤后的内容写入 output_data/PastEvent 11404696.flt

已将过滤后的内容写入 output_data/PastEvent 11402908.flt

已将过滤后的内容写入 output_data/PastEvent 20040261.flt

已将过滤后的内容写入 output_data/PastEvent 20194751.flt

已将过滤后的内容写入 output_data/PastEvent 11407025.flt

已将过滤后的内容写入 output_data/PastEvent 11405745.flt

已将过滤后的内容写入 output_data/PastEvent 10550943.flt

已将过滤后的内容写入 output_data/PastEvent 20167581.flt

已将过滤后的内容写入 output_data/PastEvent 20058671.flt

已将过滤后的内容写入 output_data/PastEvent 11408972.flt

已将过滤后的内容写入 output_data/PastEvent 11405538.flt

已将过滤后的内容写入 output_data/PastEvent 20185691.flt

已将过滤后的内容写入 output_data/PastEvent 20107301.flt

已将过滤后的内容写入 output_data/PastEvent 11402290.flt

已将过滤后的内容写入 output_data/PastEvent 20156691.flt

已将过滤后的内容写入 output_data/PastEvent 20117791.flt

已将过滤后的内容写入 output_data/PastEvent 20107031.flt

已将过滤后的内容写入 output_data/PastEvent 11407199.flt

已将过滤后的内容写入 output_data/PastEvent 20172691.flt

已将过滤后的内容写入 output_data/PastEvent 20052311.flt

已将过滤后的内容写入 output_data/PastEvent 11403140.flt

已将过滤后的内容写入 output_data/PastEvent 11406248.flt

已将过滤后的内容写入 output_data/PastEvent 20159771.flt

已将过滤后的内容写入 output_data/PastEvent 20086391.flt

已将过滤后的内容写入 output_data/PastEvent 20165361.flt

已将过滤后的内容写入 output_data/PastEvent 20136701.flt

已将过滤后的内容写入 output_data/PastEvent 20012511.flt

已将过滤后的内容写入 output_data/PastEvent 11400859.flt

已将过滤后的内容写入 output_data/PastEvent 20193391.flt

已将过滤后的内容写入 output_data/PastEvent 11407453.flt

已将过滤后的内容写入 output_data/PastEvent 20077301.flt

已将过滤后的内容写入 output_data/PastEvent 11401342.flt

已将过滤后的内容写入 output_data/PastEvent 11405924.flt

已将过滤后的内容写入 output_data/PastEvent 20133541.flt

已将过滤后的内容写入 output_data/PastEvent 20156981.flt

已将过滤后的内容写入 output_data/PastEvent 11404846.flt

已将过滤后的内容写入 output_data/PastEvent 20028551.flt

已将过滤后的内容写入 output_data/PastEvent 11401789.flt

已将过滤后的内容写入 output_data/PastEvent 11402148.flt

已将过滤后的内容写入 output_data/PastEvent 10553442.flt

已将过滤后的内容写入 output_data/PastEvent 20192421.flt

已将过滤后的内容写入 output_data/PastEvent 11404912.flt

已将过滤后的内容写入 output_data/PastEvent 10553661.flt

已将过滤后的内容写入 output_data/PastEvent 10553899.flt

已将过滤后的内容写入 output_data/PastEvent 20194881.flt

已将过滤后的内容写入 output_data/PastEvent 10552431.flt

已将过滤后的内容写入 output_data/PastEvent 11402496.flt

已将过滤后的内容写入 output_data/PastEvent 20162911.flt

已将过滤后的内容写入 output_data/PastEvent 11407831.flt

已将过滤后的内容写入 output_data/PastEvent 11405709.flt

已将过滤后的内容写入 output_data/PastEvent 20070701.flt

已将过滤后的内容写入 output_data/PastEvent 20128451.flt

已将过滤后的内容写入 output_data/PastEvent 11407266.flt

已将过滤后的内容写入 output_data/PastEvent 11409522.flt

已将过滤后的内容写入 output_data/PastEvent 11407548.flt

已将过滤后的内容写入 output_data/PastEvent 20027371.flt

已将过滤后的内容写入 output_data/PastEvent 10552722.flt

已将过滤后的内容写入 output_data/PastEvent 20186881.flt

已将过滤后的内容写入 output_data/PastEvent 20165401.flt

已将过滤后的内容写入 output_data/PastEvent 11401778.flt

已将过滤后的内容写入 output_data/PastEvent 11401087.flt

已将过滤后的内容写入 output_data/PastEvent 20142861.flt

已将归一化的内容写入 output_data/PastEvent 10553891.nml
已将归一化的内容写入 output_data/PastEvent 20165401.nml
已将归一化的内容写入 output_data/PastEvent 11404846.nml
已将归一化的内容写入 output_data/PastEvent 11407831.nml
已将归一化的内容写入 output_data/PastEvent 10553899.nml
已将归一化的内容写入 output_data/PastEvent 20192421.nml
已将归一化的内容写入 output_data/PastEvent 11406248.nml
已将归一化的内容写入 output_data/PastEvent 20136701.nml
已将归一化的内容写入 output_data/PastEvent 11401342.nml
已将归一化的内容写入 output_data/PastEvent 20128451.nml
已将归一化的内容写入 output_data/PastEvent 11401361.nml
已将归一化的内容写入 output_data/PastEvent 20134571.nml
已将归一化的内容写入 output_data/PastEvent 20156691.nml
已将归一化的内容写入 output_data/PastEvent 11407266.nml
已将归一化的内容写入 output_data/PastEvent 11400086.nml
已将归一化的内容写入 output_data/PastEvent 20162111.nml
已将归一化的内容写入 output_data/PastEvent 11407038.nml
已将归一化的内容写入 output_data/PastEvent 11404915.nml
已将归一化的内容写入 output_data/PastEvent 10552722.nml
已将归一化的内容写入 output_data/PastEvent 11401087.nml
已将归一化的内容写入 output_data/PastEvent 20172691.nml
已将归一化的内容写入 output_data/PastEvent 20193391.nml
已将归一化的内容写入 output_data/PastEvent 20162911.nml
已将归一化的内容写入 output_data/PastEvent 20012751.nml
已将归一化的内容写入 output_data/PastEvent 20070701.nml
已将归一化的内容写入 output_data/PastEvent 11404660.nml
已将归一化的内容写入 output_data/PastEvent 20014901.nml
已将归一化的内容写入 output_data/PastEvent 11402148.nml
已将归一化的内容写入 output_data/PastEvent 11408972.nml
已将归一化的内容写入 output_data/PastEvent 10550930.nml
已将归一化的内容写入 output_data/PastEvent 11402672.nml
已将归一化的内容写入 output_data/PastEvent 11407272.nml
已将归一化的内容写入 output_data/PastEvent 20159771.nml
已将归一化的内容写入 output_data/PastEvent 11405709.nml
已将归一化的内容写入 output_data/PastEvent 11408062.nml
已将归一化的内容写入 output_data/PastEvent 20145571.nml
已将归一化的内容写入 output_data/PastEvent 11405538.nml
已将归一化的内容写入 output_data/PastEvent 11408305.nml
已将归一化的内容写入 output_data/PastEvent 11404494.nml
已将归一化的内容写入 output_data/PastEvent 20058671.nml
已将归一化的内容写入 output_data/PastEvent 20077301.nml
已将归一化的内容写入 output_data/PastEvent 11401789.nml
已将归一化的内容写入 output_data/PastEvent 20066961.nml
已将归一化的内容写入 output_data/PastEvent 20101741.nml
已将归一化的内容写入 output_data/PastEvent 20146641.nml
已将归一化的内容写入 output_data/PastEvent 20012511.nml
已将归一化的内容写入 output_data/PastEvent 20185691.nml
已将归一化的内容写入 output_data/PastEvent 20077171.nml
已将归一化的内容写入 output_data/PastEvent 20040261.nml
已将归一化的内容写入 output_data/PastEvent 20107301.nml
已将归一化的内容写入 output_data/PastEvent 11407548.nml
已将归一化的内容写入 output_data/PastEvent 20107031.nml
已将归一化的内容写入 output_data/PastEvent 20044371.nml
已将归一化的内容写入 output_data/PastEvent 20186881.nml
已将归一化的内容写入 output_data/PastEvent 20194881.nml
已将归一化的内容写入 output_data/PastEvent 20028551.nml
已将归一化的内容写入 output_data/PastEvent 20194751.nml
已将归一化的内容写入 output_data/PastEvent 11402908.nml
已将归一化的内容写入 output_data/PastEvent 11402496.nml
已将归一化的内容写入 output_data/PastEvent 11400859.nml
已将归一化的内容写入 output_data/PastEvent 20174711.nml
已将归一化的内容写入 output_data/PastEvent 20117471.nml
已将归一化的内容写入 output_data/PastEvent 20128671.nml
已将归一化的内容写入 output_data/PastEvent 10553661.nml
已将归一化的内容写入 output_data/PastEvent 10552431.nml
已将归一化的内容写入 output_data/PastEvent 11402290.nml
已将归一化的内容写入 output_data/PastEvent 20156981.nml
已将归一化的内容写入 output_data/PastEvent 20027371.nml
已将归一化的内容写入 output_data/PastEvent 11405759.nml
已将归一化的内容写入 output_data/PastEvent 11404912.nml
已将归一化的内容写入 output_data/PastEvent 11403140.nml
已将归一化的内容写入 output_data/PastEvent 20052311.nml
已将归一化的内容写入 output_data/PastEvent 20086391.nml
已将归一化的内容写入 output_data/PastEvent 20117791.nml
已将归一化的内容写入 output_data/PastEvent 20127291.nml
已将归一化的内容写入 output_data/PastEvent 11407199.nml
已将归一化的内容写入 output_data/PastEvent 11405745.nml
已将归一化的内容写入 output_data/PastEvent 20167581.nml
已将归一化的内容写入 output_data/PastEvent 10553432.nml
已将归一化的内容写入 output_data/PastEvent 10550943.nml
已将归一化的内容写入 output_data/PastEvent 11401778.nml
已将归一化的内容写入 output_data/PastEvent 20141041.nml
已将归一化的内容写入 output_data/PastEvent 11404696.nml
已将归一化的内容写入 output_data/PastEvent 20189111.nml
已将归一化的内容写入 output_data/PastEvent 20184991.nml
已将归一化的内容写入 output_data/PastEvent 11407453.nml
已将归一化的内容写入 output_data/PastEvent 11405924.nml
已将归一化的内容写入 output_data/PastEvent 10553442.nml
已将归一化的内容写入 output_data/PastEvent 20045211.nml
已将归一化的内容写入 output_data/PastEvent 11409522.nml
已将归一化的内容写入 output_data/PastEvent 20133541.nml
已将归一化的内容写入 output_data/PastEvent 10553828.nml
已将归一化的内容写入 output_data/PastEvent 20083991.nml
已将归一化的内容写入 output_data/PastEvent 11406725.nml
已将归一化的内容写入 output_data/PastEvent 20142861.nml
已将归一化的内容写入 output_data/PastEvent 20137891.nml
已将归一化的内容写入 output_data/PastEvent 11407898.nml
已将归一化的内容写入 output_data/PastEvent 11400802.nml
已将归一化的内容写入 output_data/PastEvent 20165361.nml
已将归一化的内容写入 output_data/PastEvent 11407025.nml
已将去除停用词的内容写入 output_data/PastEvent 11407548.stw
已将去除停用词的内容写入 output_data/PastEvent 20167581.stw
已将去除停用词的内容写入 output_data/PastEvent 20146641.stw
已将去除停用词的内容写入 output_data/PastEvent 20012751.stw
已将去除停用词的内容写入 output_data/PastEvent 11407453.stw
已将去除停用词的内容写入 output_data/PastEvent 20174711.stw
已将去除停用词的内容写入 output_data/PastEvent 20117471.stw
已将去除停用词的内容写入 output_data/PastEvent 20012511.stw
已将去除停用词的内容写入 output_data/PastEvent 11406725.stw
已将去除停用词的内容写入 output_data/PastEvent 20159771.stw
已将去除停用词的内容写入 output_data/PastEvent 11402908.stw
已将去除停用词的内容写入 output_data/PastEvent 20066961.stw
已将去除停用词的内容写入 output_data/PastEvent 11408062.stw
已将去除停用词的内容写入 output_data/PastEvent 10550930.stw
已将去除停用词的内容写入 output_data/PastEvent 20136701.stw
已将去除停用词的内容写入 output_data/PastEvent 20194751.stw
已将去除停用词的内容写入 output_data/PastEvent 11407272.stw
已将去除停用词的内容写入 output_data/PastEvent 20128451.stw
已将去除停用词的内容写入 output_data/PastEvent 11407199.stw
已将去除停用词的内容写入 output_data/PastEvent 20185691.stw
已将去除停用词的内容写入 output_data/PastEvent 10553891.stw
已将去除停用词的内容写入 output_data/PastEvent 11401778.stw
已将去除停用词的内容写入 output_data/PastEvent 20028551.stw
已将去除停用词的内容写入 output_data/PastEvent 20117791.stw
已将去除停用词的内容写入 output_data/PastEvent 11407025.stw
已将去除停用词的内容写入 output_data/PastEvent 20044371.stw
已将去除停用词的内容写入 output_data/PastEvent 11407038.stw
已将去除停用词的内容写入 output_data/PastEvent 11404494.stw
已将去除停用词的内容写入 output_data/PastEvent 10553442.stw
已将去除停用词的内容写入 output_data/PastEvent 10553828.stw
已将去除停用词的内容写入 output_data/PastEvent 11402672.stw
已将去除停用词的内容写入 output_data/PastEvent 20128671.stw
已将去除停用词的内容写入 output_data/PastEvent 11406248.stw
已将去除停用词的内容写入 output_data/PastEvent 10553899.stw
已将去除停用词的内容写入 output_data/PastEvent 20134571.stw
已将去除停用词的内容写入 output_data/PastEvent 11409522.stw
已将去除停用词的内容写入 output_data/PastEvent 11400802.stw
已将去除停用词的内容写入 output_data/PastEvent 11404915.stw
已将去除停用词的内容写入 output_data/PastEvent 10553432.stw
已将去除停用词的内容写入 output_data/PastEvent 20014901.stw
已将去除停用词的内容写入 output_data/PastEvent 20070701.stw
已将去除停用词的内容写入 output_data/PastEvent 20165361.stw
已将去除停用词的内容写入 output_data/PastEvent 11408972.stw
已将去除停用词的内容写入 output_data/PastEvent 20101741.stw
已将去除停用词的内容写入 output_data/PastEvent 11404846.stw
已将去除停用词的内容写入 output_data/PastEvent 20193391.stw
已将去除停用词的内容写入 output_data/PastEvent 11400859.stw
已将去除停用词的内容写入 output_data/PastEvent 20172691.stw
已将去除停用词的内容写入 output_data/PastEvent 11407831.stw
已将去除停用词的内容写入 output_data/PastEvent 20192421.stw
已将去除停用词的内容写入 output_data/PastEvent 20052311.stw
已将去除停用词的内容写入 output_data/PastEvent 20156981.stw
已将去除停用词的内容写入 output_data/PastEvent 20142861.stw
已将去除停用词的内容写入 output_data/PastEvent 20194881.stw
已将去除停用词的内容写入 output_data/PastEvent 11405709.stw
已将去除停用词的内容写入 output_data/PastEvent 11405745.stw
已将去除停用词的内容写入 output_data/PastEvent 20086391.stw
已将去除停用词的内容写入 output_data/PastEvent 20077171.stw
已将去除停用词的内容写入 output_data/PastEvent 11405759.stw
已将去除停用词的内容写入 output_data/PastEvent 20162911.stw
已将去除停用词的内容写入 output_data/PastEvent 10552431.stw
已将去除停用词的内容写入 output_data/PastEvent 20045211.stw
已将去除停用词的内容写入 output_data/PastEvent 10552722.stw
已将去除停用词的内容写入 output_data/PastEvent 11408305.stw
已将去除停用词的内容写入 output_data/PastEvent 20058671.stw
已将去除停用词的内容写入 output_data/PastEvent 20189111.stw
已将去除停用词的内容写入 output_data/PastEvent 20186881.stw
已将去除停用词的内容写入 output_data/PastEvent 11407266.stw
已将去除停用词的内容写入 output_data/PastEvent 20156691.stw
已将去除停用词的内容写入 output_data/PastEvent 20107301.stw
已将去除停用词的内容写入 output_data/PastEvent 20127291.stw
已将去除停用词的内容写入 output_data/PastEvent 11404912.stw
已将去除停用词的内容写入 output_data/PastEvent 20145571.stw
已将去除停用词的内容写入 output_data/PastEvent 10550943.stw
已将去除停用词的内容写入 output_data/PastEvent 20083991.stw
已将去除停用词的内容写入 output_data/PastEvent 11402290.stw
已将去除停用词的内容写入 output_data/PastEvent 11402496.stw
已将去除停用词的内容写入 output_data/PastEvent 20107031.stw
已将去除停用词的内容写入 output_data/PastEvent 11404696.stw
已将去除停用词的内容写入 output_data/PastEvent 11401342.stw
已将去除停用词的内容写入 output_data/PastEvent 11400086.stw
已将去除停用词的内容写入 output_data/PastEvent 20133541.stw
已将去除停用词的内容写入 output_data/PastEvent 11405538.stw
已将去除停用词的内容写入 output_data/PastEvent 20141041.stw
已将去除停用词的内容写入 output_data/PastEvent 11401361.stw
已将去除停用词的内容写入 output_data/PastEvent 20077301.stw
已将去除停用词的内容写入 output_data/PastEvent 20027371.stw
已将去除停用词的内容写入 output_data/PastEvent 20184991.stw
已将去除停用词的内容写入 output_data/PastEvent 11402148.stw
已将去除停用词的内容写入 output_data/PastEvent 20040261.stw
已将去除停用词的内容写入 output_data/PastEvent 11405924.stw
已将去除停用词的内容写入 output_data/PastEvent 10553661.stw
已将去除停用词的内容写入 output_data/PastEvent 11401087.stw
已将去除停用词的内容写入 output_data/PastEvent 20162111.stw
已将去除停用词的内容写入 output_data/PastEvent 20137891.stw
已将去除停用词的内容写入 output_data/PastEvent 11403140.stw
已将去除停用词的内容写入 output_data/PastEvent 11401789.stw
已将去除停用词的内容写入 output_data/PastEvent 11404660.stw
已将去除停用词的内容写入 output_data/PastEvent 20165401.stw
已将去除停用词的内容写入 output_data/PastEvent 11407898.stw
